# JRE version: OpenJDK Runtime Environment (8.0_242-b01) (build 1.8.0_242-release-1644-b01)
# Java VM: OpenJDK 64-Bit Server VM (25.242-b01 mixed mode windows-amd64 compressed oops)
Heap:
 PSYoungGen      total 430080K, used 301207K [0x00000000d5580000, 0x00000000fb000000, 0x0000000100000000)
  eden space 395776K, 72% used [0x00000000d5580000,0x00000000e6c81fe0,0x00000000ed800000)
  from space 34304K, 45% used [0x00000000ed800000,0x00000000ee723f90,0x00000000ef980000)
  to   space 57344K, 0% used [0x00000000f7800000,0x00000000f7800000,0x00000000fb000000)
 ParOldGen       total 186880K, used 113943K [0x0000000080000000, 0x000000008b680000, 0x00000000d5580000)
  object space 186880K, 60% used [0x0000000080000000,0x0000000086f45e50,0x000000008b680000)
 Metaspace       used 104899K, capacity 109998K, committed 110296K, reserved 1144832K
  class space    used 13673K, capacity 14665K, committed 14848K, reserved 1048576K
GC Heap History (10 events):
Event: 4872.180 GC heap before
{Heap before GC invocations=19 (full 4):
 PSYoungGen      total 342016K, used 318976K [0x00000000d5580000, 0x00000000ec580000, 0x0000000100000000)
  eden space 318976K, 100% used [0x00000000d5580000,0x00000000e8d00000,0x00000000e8d00000)
  from space 23040K, 0% used [0x00000000eaf00000,0x00000000eaf00000,0x00000000ec580000)
  to   space 28160K, 0% used [0x00000000e8e80000,0x00000000e8e80000,0x00000000eaa00000)
 ParOldGen       total 86528K, used 46048K [0x0000000080000000, 0x0000000085480000, 0x00000000d5580000)
  object space 86528K, 53% used [0x0000000080000000,0x0000000082cf8118,0x0000000085480000)
 Metaspace       used 86499K, capacity 90302K, committed 90712K, reserved 1128448K
  class space    used 11500K, capacity 12275K, committed 12416K, reserved 1048576K
Event: 4875.570 GC heap after
Heap after GC invocations=19 (full 4):
 PSYoungGen      total 348672K, used 28148K [0x00000000d5580000, 0x00000000f1a80000, 0x0000000100000000)
  eden space 320512K, 0% used [0x00000000d5580000,0x00000000d5580000,0x00000000e8e80000)
  from space 28160K, 99% used [0x00000000e8e80000,0x00000000ea9fd118,0x00000000eaa00000)
  to   space 33792K, 0% used [0x00000000ef980000,0x00000000ef980000,0x00000000f1a80000)
 ParOldGen       total 86528K, used 48668K [0x0000000080000000, 0x0000000085480000, 0x00000000d5580000)
  object space 86528K, 56% used [0x0000000080000000,0x0000000082f873e8,0x0000000085480000)
 Metaspace       used 86499K, capacity 90302K, committed 90712K, reserved 1128448K
  class space    used 11500K, capacity 12275K, committed 12416K, reserved 1048576K
}
Event: 4915.095 GC heap before
{Heap before GC invocations=20 (full 4):
 PSYoungGen      total 348672K, used 348660K [0x00000000d5580000, 0x00000000f1a80000, 0x0000000100000000)
  eden space 320512K, 100% used [0x00000000d5580000,0x00000000e8e80000,0x00000000e8e80000)
  from space 28160K, 99% used [0x00000000e8e80000,0x00000000ea9fd118,0x00000000eaa00000)
  to   space 33792K, 0% used [0x00000000ef980000,0x00000000ef980000,0x00000000f1a80000)
 ParOldGen       total 86528K, used 48668K [0x0000000080000000, 0x0000000085480000, 0x00000000d5580000)
  object space 86528K, 56% used [0x0000000080000000,0x0000000082f873e8,0x0000000085480000)
 Metaspace       used 94614K, capacity 98674K, committed 99160K, reserved 1134592K
  class space    used 12384K, capacity 13284K, committed 13440K, reserved 1048576K
Event: 4917.410 GC heap after
Heap after GC invocations=20 (full 4):
 PSYoungGen      total 429568K, used 19649K [0x00000000d5580000, 0x00000000f3680000, 0x0000000100000000)
  eden space 395776K, 0% used [0x00000000d5580000,0x00000000d5580000,0x00000000ed800000)
  from space 33792K, 58% used [0x00000000ef980000,0x00000000f0cb0688,0x00000000f1a80000)
  to   space 34304K, 0% used [0x00000000ed800000,0x00000000ed800000,0x00000000ef980000)
 ParOldGen       total 86528K, used 73725K [0x0000000080000000, 0x0000000085480000, 0x00000000d5580000)
  object space 86528K, 85% used [0x0000000080000000,0x00000000847ff708,0x0000000085480000)
 Metaspace       used 94614K, capacity 98674K, committed 99160K, reserved 1134592K
  class space    used 12384K, capacity 13284K, committed 13440K, reserved 1048576K
}
Event: 4917.411 GC heap before
{Heap before GC invocations=21 (full 5):
 PSYoungGen      total 429568K, used 19649K [0x00000000d5580000, 0x00000000f3680000, 0x0000000100000000)
  eden space 395776K, 0% used [0x00000000d5580000,0x00000000d5580000,0x00000000ed800000)
  from space 33792K, 58% used [0x00000000ef980000,0x00000000f0cb0688,0x00000000f1a80000)
  to   space 34304K, 0% used [0x00000000ed800000,0x00000000ed800000,0x00000000ef980000)
 ParOldGen       total 86528K, used 73725K [0x0000000080000000, 0x0000000085480000, 0x00000000d5580000)
  object space 86528K, 85% used [0x0000000080000000,0x00000000847ff708,0x0000000085480000)
 Metaspace       used 94614K, capacity 98674K, committed 99160K, reserved 1134592K
  class space    used 12384K, capacity 13284K, committed 13440K, reserved 1048576K
Event: 4920.252 GC heap after
Heap after GC invocations=21 (full 5):
 PSYoungGen      total 429568K, used 0K [0x00000000d5580000, 0x00000000f3680000, 0x0000000100000000)
  eden space 395776K, 0% used [0x00000000d5580000,0x00000000d5580000,0x00000000ed800000)
  from space 33792K, 0% used [0x00000000ef980000,0x00000000ef980000,0x00000000f1a80000)
  to   space 34304K, 0% used [0x00000000ed800000,0x00000000ed800000,0x00000000ef980000)
 ParOldGen       total 114176K, used 63108K [0x0000000080000000, 0x0000000086f80000, 0x00000000d5580000)
  object space 114176K, 55% used [0x0000000080000000,0x0000000083da1130,0x0000000086f80000)
 Metaspace       used 94429K, capacity 98382K, committed 99160K, reserved 1134592K
  class space    used 12345K, capacity 13217K, committed 13440K, reserved 1048576K
}
Event: 4950.376 GC heap before
{Heap before GC invocations=22 (full 5):
 PSYoungGen      total 429568K, used 395776K [0x00000000d5580000, 0x00000000f3680000, 0x0000000100000000)
  eden space 395776K, 100% used [0x00000000d5580000,0x00000000ed800000,0x00000000ed800000)
  from space 33792K, 0% used [0x00000000ef980000,0x00000000ef980000,0x00000000f1a80000)
  to   space 34304K, 0% used [0x00000000ed800000,0x00000000ed800000,0x00000000ef980000)
 ParOldGen       total 114176K, used 63108K [0x0000000080000000, 0x0000000086f80000, 0x00000000d5580000)
  object space 114176K, 55% used [0x0000000080000000,0x0000000083da1130,0x0000000086f80000)
 Metaspace       used 102942K, capacity 107800K, committed 107992K, reserved 1142784K
  class space    used 13461K, capacity 14404K, committed 14592K, reserved 1048576K
Event: 4952.487 GC heap after
Heap after GC invocations=22 (full 5):
 PSYoungGen      total 430080K, used 34287K [0x00000000d5580000, 0x00000000fb000000, 0x0000000100000000)
  eden space 395776K, 0% used [0x00000000d5580000,0x00000000d5580000,0x00000000ed800000)
  from space 34304K, 99% used [0x00000000ed800000,0x00000000ef97bf38,0x00000000ef980000)
  to   space 57344K, 0% used [0x00000000f7800000,0x00000000f7800000,0x00000000fb000000)
 ParOldGen       total 114176K, used 109617K [0x0000000080000000, 0x0000000086f80000, 0x00000000d5580000)
  object space 114176K, 96% used [0x0000000080000000,0x0000000086b0c4b0,0x0000000086f80000)
 Metaspace       used 102942K, capacity 107800K, committed 107992K, reserved 1142784K
  class space    used 13461K, capacity 14404K, committed 14592K, reserved 1048576K
}
Event: 4952.487 GC heap before
{Heap before GC invocations=23 (full 6):
 PSYoungGen      total 430080K, used 34287K [0x00000000d5580000, 0x00000000fb000000, 0x0000000100000000)
  eden space 395776K, 0% used [0x00000000d5580000,0x00000000d5580000,0x00000000ed800000)
  from space 34304K, 99% used [0x00000000ed800000,0x00000000ef97bf38,0x00000000ef980000)
  to   space 57344K, 0% used [0x00000000f7800000,0x00000000f7800000,0x00000000fb000000)
 ParOldGen       total 114176K, used 109617K [0x0000000080000000, 0x0000000086f80000, 0x00000000d5580000)
  object space 114176K, 96% used [0x0000000080000000,0x0000000086b0c4b0,0x0000000086f80000)
 Metaspace       used 102942K, capacity 107800K, committed 107992K, reserved 1142784K
  class space    used 13461K, capacity 14404K, committed 14592K, reserved 1048576K
Event: 4959.038 GC heap after
Heap after GC invocations=23 (full 6):
 PSYoungGen      total 430080K, used 15503K [0x00000000d5580000, 0x00000000fb000000, 0x0000000100000000)
  eden space 395776K, 0% used [0x00000000d5580000,0x00000000d5580000,0x00000000ed800000)
  from space 34304K, 45% used [0x00000000ed800000,0x00000000ee723f90,0x00000000ef980000)
  to   space 57344K, 0% used [0x00000000f7800000,0x00000000f7800000,0x00000000fb000000)
 ParOldGen       total 186880K, used 113943K [0x0000000080000000, 0x000000008b680000, 0x00000000d5580000)
  object space 186880K, 60% used [0x0000000080000000,0x0000000086f45e50,0x000000008b680000)
 Metaspace       used 102932K, capacity 107772K, committed 107992K, reserved 1142784K
  class space    used 13458K, capacity 14398K, committed 14592K, reserved 1048576K
}

